<?xml version="1.0" encoding="UTF-8"?>
<testsuite name="com.shishir.concurrency.service.OptimisticLockingTest" tests="1" skipped="0" failures="0" errors="0" timestamp="2022-07-08T05:35:27" hostname="shishir-ThinkPad-E14" time="0.326">
  <properties/>
  <testcase name="bookSuite()" classname="com.shishir.concurrency.service.OptimisticLockingTest" time="0.326"/>
  <system-out><![CDATA[11:20:23.994 [Test worker] DEBUG org.springframework.test.context.BootstrapUtils - Instantiating CacheAwareContextLoaderDelegate from class [org.springframework.test.context.cache.DefaultCacheAwareContextLoaderDelegate]
11:20:24.002 [Test worker] DEBUG org.springframework.test.context.BootstrapUtils - Instantiating BootstrapContext using constructor [public org.springframework.test.context.support.DefaultBootstrapContext(java.lang.Class,org.springframework.test.context.CacheAwareContextLoaderDelegate)]
11:20:24.026 [Test worker] DEBUG org.springframework.test.context.BootstrapUtils - Instantiating TestContextBootstrapper for test class [com.shishir.concurrency.service.OptimisticLockingTest] from class [org.springframework.boot.test.context.SpringBootTestContextBootstrapper]
11:20:24.034 [Test worker] INFO org.springframework.boot.test.context.SpringBootTestContextBootstrapper - Neither @ContextConfiguration nor @ContextHierarchy found for test class [com.shishir.concurrency.service.OptimisticLockingTest], using SpringBootContextLoader
11:20:24.042 [Test worker] DEBUG org.springframework.test.context.support.AbstractContextLoader - Did not detect default resource location for test class [com.shishir.concurrency.service.OptimisticLockingTest]: class path resource [com/shishir/concurrency/service/OptimisticLockingTest-context.xml] does not exist
11:20:24.043 [Test worker] DEBUG org.springframework.test.context.support.AbstractContextLoader - Did not detect default resource location for test class [com.shishir.concurrency.service.OptimisticLockingTest]: class path resource [com/shishir/concurrency/service/OptimisticLockingTestContext.groovy] does not exist
11:20:24.043 [Test worker] INFO org.springframework.test.context.support.AbstractContextLoader - Could not detect default resource locations for test class [com.shishir.concurrency.service.OptimisticLockingTest]: no resource found for suffixes {-context.xml, Context.groovy}.
11:20:24.044 [Test worker] INFO org.springframework.test.context.support.AnnotationConfigContextLoaderUtils - Could not detect default configuration classes for test class [com.shishir.concurrency.service.OptimisticLockingTest]: OptimisticLockingTest does not declare any static, non-private, non-final, nested classes annotated with @Configuration.
11:20:24.076 [Test worker] DEBUG org.springframework.test.context.support.ActiveProfilesUtils - Could not find an 'annotation declaring class' for annotation type [org.springframework.test.context.ActiveProfiles] and class [com.shishir.concurrency.service.OptimisticLockingTest]
11:20:24.116 [Test worker] DEBUG org.springframework.context.annotation.ClassPathScanningCandidateComponentProvider - Identified candidate component class: file [/home/shishir/sage/quatarly-posts/concurrency-control/build/classes/java/main/com/shishir/concurrency/MainApplication.class]
11:20:24.123 [Test worker] INFO org.springframework.boot.test.context.SpringBootTestContextBootstrapper - Found @SpringBootConfiguration com.shishir.concurrency.MainApplication for test class com.shishir.concurrency.service.OptimisticLockingTest
11:20:24.181 [Test worker] DEBUG org.springframework.boot.test.context.SpringBootTestContextBootstrapper - @TestExecutionListeners is not present for class [com.shishir.concurrency.service.OptimisticLockingTest]: using defaults.
11:20:24.182 [Test worker] INFO org.springframework.boot.test.context.SpringBootTestContextBootstrapper - Loaded default TestExecutionListener class names from location [META-INF/spring.factories]: [org.springframework.boot.test.autoconfigure.restdocs.RestDocsTestExecutionListener, org.springframework.boot.test.autoconfigure.web.client.MockRestServiceServerResetTestExecutionListener, org.springframework.boot.test.autoconfigure.web.servlet.MockMvcPrintOnlyOnFailureTestExecutionListener, org.springframework.boot.test.autoconfigure.web.servlet.WebDriverTestExecutionListener, org.springframework.boot.test.autoconfigure.webservices.client.MockWebServiceServerTestExecutionListener, org.springframework.boot.test.mock.mockito.MockitoTestExecutionListener, org.springframework.boot.test.mock.mockito.ResetMocksTestExecutionListener, org.springframework.test.context.web.ServletTestExecutionListener, org.springframework.test.context.support.DirtiesContextBeforeModesTestExecutionListener, org.springframework.test.context.event.ApplicationEventsTestExecutionListener, org.springframework.test.context.support.DependencyInjectionTestExecutionListener, org.springframework.test.context.support.DirtiesContextTestExecutionListener, org.springframework.test.context.transaction.TransactionalTestExecutionListener, org.springframework.test.context.jdbc.SqlScriptsTestExecutionListener, org.springframework.test.context.event.EventPublishingTestExecutionListener]
11:20:24.192 [Test worker] INFO org.springframework.boot.test.context.SpringBootTestContextBootstrapper - Using TestExecutionListeners: [org.springframework.test.context.web.ServletTestExecutionListener@24d4d7c9, org.springframework.test.context.support.DirtiesContextBeforeModesTestExecutionListener@f0e995e, org.springframework.test.context.event.ApplicationEventsTestExecutionListener@4c37b5b, org.springframework.boot.test.mock.mockito.MockitoTestExecutionListener@73db4768, org.springframework.boot.test.autoconfigure.SpringBootDependencyInjectionTestExecutionListener@71b3bc45, org.springframework.test.context.support.DirtiesContextTestExecutionListener@a8c1f44, org.springframework.test.context.transaction.TransactionalTestExecutionListener@150ab4ed, org.springframework.test.context.jdbc.SqlScriptsTestExecutionListener@3c435123, org.springframework.test.context.event.EventPublishingTestExecutionListener@50fe837a, org.springframework.boot.test.autoconfigure.restdocs.RestDocsTestExecutionListener@3a62c01e, org.springframework.boot.test.autoconfigure.web.client.MockRestServiceServerResetTestExecutionListener@7a8fa663, org.springframework.boot.test.autoconfigure.web.servlet.MockMvcPrintOnlyOnFailureTestExecutionListener@5ce33a58, org.springframework.boot.test.autoconfigure.web.servlet.WebDriverTestExecutionListener@78a287ed, org.springframework.boot.test.autoconfigure.webservices.client.MockWebServiceServerTestExecutionListener@546ccad7, org.springframework.boot.test.mock.mockito.ResetMocksTestExecutionListener@5357c287]
11:20:24.194 [Test worker] DEBUG org.springframework.test.context.support.AbstractDirtiesContextTestExecutionListener - Before test class: context [DefaultTestContext@6e1d8f9e testClass = OptimisticLockingTest, testInstance = [null], testMethod = [null], testException = [null], mergedContextConfiguration = [WebMergedContextConfiguration@3e34ace1 testClass = OptimisticLockingTest, locations = '{}', classes = '{class com.shishir.concurrency.MainApplication}', contextInitializerClasses = '[]', activeProfiles = '{}', propertySourceLocations = '{}', propertySourceProperties = '{org.springframework.boot.test.context.SpringBootTestContextBootstrapper=true}', contextCustomizers = set[org.springframework.boot.test.autoconfigure.actuate.metrics.MetricsExportContextCustomizerFactory$DisableMetricExportContextCustomizer@36b4091c, org.springframework.boot.test.autoconfigure.properties.PropertyMappingContextCustomizer@0, org.springframework.boot.test.autoconfigure.web.servlet.WebDriverContextCustomizerFactory$Customizer@12359a82, org.springframework.boot.test.context.filter.ExcludeFilterContextCustomizer@5be46f9d, org.springframework.boot.test.json.DuplicateJsonObjectContextCustomizerFactory$DuplicateJsonObjectContextCustomizer@30c93896, org.springframework.boot.test.mock.mockito.MockitoContextCustomizer@0, org.springframework.boot.test.web.client.TestRestTemplateContextCustomizer@d41f816, org.springframework.boot.test.context.SpringBootTestArgs@1, org.springframework.boot.test.context.SpringBootTestWebEnvironment@192c3f1e], resourceBasePath = 'src/main/webapp', contextLoader = 'org.springframework.boot.test.context.SpringBootContextLoader', parent = [null]], attributes = map['org.springframework.test.context.web.ServletTestExecutionListener.activateListener' -> true]], class annotated with @DirtiesContext [false] with mode [null].

  .   ____          _            __ _ _
 /\\ / ___'_ __ _ _(_)_ __  __ _ \ \ \ \
( ( )\___ | '_ | '_| | '_ \/ _` | \ \ \ \
 \\/  ___)| |_)| | | | | || (_| |  ) ) ) )
  '  |____| .__|_| |_|_| |_\__, | / / / /
 =========|_|==============|___/=/_/_/_/
 :: Spring Boot ::                (v2.7.1)

2022-07-08 11:20:24.447  INFO 43576 --- [    Test worker] c.s.c.service.OptimisticLockingTest      : Starting OptimisticLockingTest using Java 11.0.15 on shishir-ThinkPad-E14 with PID 43576 (started by shishir in /home/shishir/sage/quatarly-posts/concurrency-control)
2022-07-08 11:20:24.448  INFO 43576 --- [    Test worker] c.s.c.service.OptimisticLockingTest      : No active profile set, falling back to 1 default profile: "default"
2022-07-08 11:20:24.879  INFO 43576 --- [    Test worker] .s.d.r.c.RepositoryConfigurationDelegate : Bootstrapping Spring Data JPA repositories in DEFAULT mode.
2022-07-08 11:20:24.911  INFO 43576 --- [    Test worker] .s.d.r.c.RepositoryConfigurationDelegate : Finished Spring Data repository scanning in 26 ms. Found 1 JPA repository interfaces.
2022-07-08 11:20:25.304  INFO 43576 --- [    Test worker] o.hibernate.jpa.internal.util.LogHelper  : HHH000204: Processing PersistenceUnitInfo [name: default]
2022-07-08 11:20:25.338  INFO 43576 --- [    Test worker] org.hibernate.Version                    : HHH000412: Hibernate ORM core version 5.6.9.Final
2022-07-08 11:20:25.462  INFO 43576 --- [    Test worker] o.hibernate.annotations.common.Version   : HCANN000001: Hibernate Commons Annotations {5.1.2.Final}
2022-07-08 11:20:25.549  INFO 43576 --- [    Test worker] com.zaxxer.hikari.HikariDataSource       : HikariPool-1 - Starting...
2022-07-08 11:20:25.677  INFO 43576 --- [    Test worker] com.zaxxer.hikari.HikariDataSource       : HikariPool-1 - Start completed.
2022-07-08 11:20:25.688  INFO 43576 --- [    Test worker] org.hibernate.dialect.Dialect            : HHH000400: Using dialect: org.hibernate.dialect.MySQL5InnoDBDialect
2022-07-08 11:20:26.124  INFO 43576 --- [    Test worker] o.h.e.t.j.p.i.JtaPlatformInitiator       : HHH000490: Using JtaPlatform implementation: [org.hibernate.engine.transaction.jta.platform.internal.NoJtaPlatform]
2022-07-08 11:20:26.130  INFO 43576 --- [    Test worker] j.LocalContainerEntityManagerFactoryBean : Initialized JPA EntityManagerFactory for persistence unit 'default'
2022-07-08 11:20:26.631  WARN 43576 --- [    Test worker] JpaBaseConfiguration$JpaWebConfiguration : spring.jpa.open-in-view is enabled by default. Therefore, database queries may be performed during view rendering. Explicitly configure spring.jpa.open-in-view to disable this warning
2022-07-08 11:20:26.989  INFO 43576 --- [    Test worker] c.s.c.service.OptimisticLockingTest      : Started OptimisticLockingTest in 2.771 seconds (JVM running for 3.593)
]]></system-out>
  <system-err><![CDATA[]]></system-err>
</testsuite>
